[debug] [2020-09-12T14:21:14.804Z] ----------------------------------------------------------------------
[debug] [2020-09-12T14:21:14.806Z] Command:       /usr/local/bin/firebase /home/matheusneves/.cache/firebase/tools/lib/node_modules/firebase-tools/lib/bin/firebase emulators:start
[debug] [2020-09-12T14:21:14.806Z] CLI Version:   8.10.0
[debug] [2020-09-12T14:21:14.806Z] Platform:      linux
[debug] [2020-09-12T14:21:14.806Z] Node Version:  v12.18.1
[debug] [2020-09-12T14:21:14.807Z] Time:          Sat Sep 12 2020 11:21:14 GMT-0300 (Brasilia Standard Time)
[debug] [2020-09-12T14:21:14.807Z] ----------------------------------------------------------------------
[debug] [2020-09-12T14:21:14.807Z] 
[debug] [2020-09-12T14:21:14.812Z] > command requires scopes: ["email","openid","https://www.googleapis.com/auth/cloudplatformprojects.readonly","https://www.googleapis.com/auth/firebase","https://www.googleapis.com/auth/cloud-platform"]
[debug] [2020-09-12T14:21:14.812Z] > authorizing via signed-in user
[info] i  emulators: Starting emulators: functions, hosting {"metadata":{"emulator":{"name":"hub"},"message":"Starting emulators: functions, hosting"}}
[debug] [2020-09-12T14:21:14.829Z] [hub] writing locator at /tmp/hub-software-reliability.json
[warn] ⚠  functions: The following emulators are not running, calls to these services from the Functions emulator will affect production: firestore, database, pubsub {"metadata":{"emulator":{"name":"functions"},"message":"The following emulators are not running, calls to these services from the Functions emulator will affect production: \u001b[1mfirestore, database, pubsub\u001b[22m"}}
[warn] ⚠  Your requested "node" version "10" doesn't match your global version "12" {"metadata":{"emulator":{"name":"functions"},"message":"Your requested \"node\" version \"10\" doesn't match your global version \"12\""}}
[debug] [2020-09-12T14:21:14.852Z] defaultcredentials: writing to file /home/matheusneves/.config/firebase/mtheus_gmail_com_application_default_credentials.json
[debug] [2020-09-12T14:21:14.855Z] Setting GAC to /home/matheusneves/.config/firebase/mtheus_gmail_com_application_default_credentials.json {"metadata":{"emulator":{"name":"functions"},"message":"Setting GAC to /home/matheusneves/.config/firebase/mtheus_gmail_com_application_default_credentials.json"}}
[debug] [2020-09-12T14:21:14.861Z] >>> HTTP REQUEST GET https://firebase.googleapis.com/v1beta1/projects/software-reliability/webApps/-/config  
 
[debug] [2020-09-12T14:21:15.890Z] <<< HTTP RESPONSE 200 {"content-type":"application/json; charset=UTF-8","vary":"X-Origin, Referer, Origin,Accept-Encoding","date":"Sat, 12 Sep 2020 14:21:15 GMT","server":"ESF","cache-control":"private","x-xss-protection":"0","x-frame-options":"SAMEORIGIN","x-content-type-options":"nosniff","alt-svc":"h3-29=\":443\"; ma=2592000,h3-27=\":443\"; ma=2592000,h3-T051=\":443\"; ma=2592000,h3-T050=\":443\"; ma=2592000,h3-Q050=\":443\"; ma=2592000,h3-Q046=\":443\"; ma=2592000,h3-Q043=\":443\"; ma=2592000,quic=\":443\"; ma=2592000; v=\"46,43\"","accept-ranges":"none","transfer-encoding":"chunked"}
[info] i  hosting: Serving hosting files from: public {"metadata":{"emulator":{"name":"hosting"},"message":"Serving hosting files from: \u001b[1mpublic\u001b[22m"}}
[info] ✔  hosting: Local server: http://localhost:5000 {"metadata":{"emulator":{"name":"hosting"},"message":"Local server: \u001b[4m\u001b[1mhttp://localhost:5000\u001b[22m\u001b[24m"}}
[debug] [2020-09-12T14:21:15.939Z] Ignoring unsupported arg: auto_download {"metadata":{"emulator":{"name":"ui"},"message":"Ignoring unsupported arg: auto_download"}}
[debug] [2020-09-12T14:21:15.940Z] Ignoring unsupported arg: port {"metadata":{"emulator":{"name":"ui"},"message":"Ignoring unsupported arg: port"}}
[debug] [2020-09-12T14:21:15.940Z] Starting Emulator UI with command {"binary":"node","args":["/home/matheusneves/.cache/firebase/emulators/ui-v1.1.1/server.bundle.js"],"optionalArgs":[],"joinArgs":false} {"metadata":{"emulator":{"name":"ui"},"message":"Starting Emulator UI with command {\"binary\":\"node\",\"args\":[\"/home/matheusneves/.cache/firebase/emulators/ui-v1.1.1/server.bundle.js\"],\"optionalArgs\":[],\"joinArgs\":false}"}}
[info] i  ui: Emulator UI logging to ui-debug.log {"metadata":{"emulator":{"name":"ui"},"message":"Emulator UI logging to \u001b[1mui-debug.log\u001b[22m"}}
[debug] [2020-09-12T14:21:16.105Z] Web / API server started at http://localhost:4000
 {"metadata":{"emulator":{"name":"ui"},"message":"Web / API server started at http://localhost:4000\n"}}
[info] i  functions: Watching "/home/matheusneves/ufu/software-reliability/functions" for Cloud Functions... {"metadata":{"emulator":{"name":"functions"},"message":"Watching \"/home/matheusneves/ufu/software-reliability/functions\" for Cloud Functions..."}}
[debug] [2020-09-12T14:21:16.242Z] [worker-pool] addWorker(~diagnostic~) {"metadata":{"emulator":{"name":"functions"},"message":"[worker-pool] addWorker(~diagnostic~)"}}
[debug] [2020-09-12T14:21:16.243Z] [worker-pool] Adding worker with key ~diagnostic~, total=1 {"metadata":{"emulator":{"name":"functions"},"message":"[worker-pool] Adding worker with key ~diagnostic~, total=1"}}
[debug] [2020-09-12T14:21:16.244Z] [worker-pool] submitWork(triggerId=) {"metadata":{"emulator":{"name":"functions"},"message":"[worker-pool] submitWork(triggerId=)"}}
[debug] [2020-09-12T14:21:16.245Z] [worker-~diagnostic~-c081d369-69b2-49b6-9a59-b800965f7742]: Assigning socketPath: /tmp/fire_emu_359311.sock {"metadata":{"emulator":{"name":"functions"},"message":"[worker-~diagnostic~-c081d369-69b2-49b6-9a59-b800965f7742]: Assigning socketPath: /tmp/fire_emu_359311.sock"}}
[debug] [2020-09-12T14:21:16.246Z] [worker-~diagnostic~-c081d369-69b2-49b6-9a59-b800965f7742]: BUSY {"metadata":{"emulator":{"name":"functions"},"message":"[worker-~diagnostic~-c081d369-69b2-49b6-9a59-b800965f7742]: BUSY"}}
[debug] [2020-09-12T14:21:16.555Z] [runtime-status] [359311] Functions runtime initialized. {"cwd":"/home/matheusneves/ufu/software-reliability/functions","node_version":"12.18.1"} {"metadata":{"emulator":{"name":"functions"},"message":"[runtime-status] [359311] Functions runtime initialized. {\"cwd\":\"/home/matheusneves/ufu/software-reliability/functions\",\"node_version\":\"12.18.1\"}"}}
[debug] [2020-09-12T14:21:16.556Z] [runtime-status] [359311] Disabled runtime features: undefined {"metadata":{"emulator":{"name":"functions"},"message":"[runtime-status] [359311] Disabled runtime features: undefined"}}
[debug] [2020-09-12T14:21:16.558Z] [runtime-status] [359311] Resolved module firebase-admin {"declared":true,"installed":true,"version":"8.13.0","resolution":"/home/matheusneves/ufu/software-reliability/functions/node_modules/firebase-admin/lib/index.js"} {"metadata":{"emulator":{"name":"functions"},"message":"[runtime-status] [359311] Resolved module firebase-admin {\"declared\":true,\"installed\":true,\"version\":\"8.13.0\",\"resolution\":\"/home/matheusneves/ufu/software-reliability/functions/node_modules/firebase-admin/lib/index.js\"}"}}
[debug] [2020-09-12T14:21:16.559Z] [runtime-status] [359311] Resolved module firebase-functions {"declared":true,"installed":true,"version":"3.11.0","resolution":"/home/matheusneves/ufu/software-reliability/functions/node_modules/firebase-functions/lib/index.js"} {"metadata":{"emulator":{"name":"functions"},"message":"[runtime-status] [359311] Resolved module firebase-functions {\"declared\":true,\"installed\":true,\"version\":\"3.11.0\",\"resolution\":\"/home/matheusneves/ufu/software-reliability/functions/node_modules/firebase-functions/lib/index.js\"}"}}
[debug] [2020-09-12T14:21:16.560Z] [runtime-status] [359311] Resolved module firebase-functions {"declared":true,"installed":true,"version":"3.11.0","resolution":"/home/matheusneves/ufu/software-reliability/functions/node_modules/firebase-functions/lib/index.js"} {"metadata":{"emulator":{"name":"functions"},"message":"[runtime-status] [359311] Resolved module firebase-functions {\"declared\":true,\"installed\":true,\"version\":\"3.11.0\",\"resolution\":\"/home/matheusneves/ufu/software-reliability/functions/node_modules/firebase-functions/lib/index.js\"}"}}
[debug] [2020-09-12T14:21:16.561Z] [runtime-status] [359311] Outgoing network have been stubbed. [{"name":"http","status":"mocked"},{"name":"http","status":"mocked"},{"name":"https","status":"mocked"},{"name":"https","status":"mocked"},{"name":"net","status":"mocked"}] {"metadata":{"emulator":{"name":"functions"},"message":"[runtime-status] [359311] Outgoing network have been stubbed. [{\"name\":\"http\",\"status\":\"mocked\"},{\"name\":\"http\",\"status\":\"mocked\"},{\"name\":\"https\",\"status\":\"mocked\"},{\"name\":\"https\",\"status\":\"mocked\"},{\"name\":\"net\",\"status\":\"mocked\"}]"}}
[debug] [2020-09-12T14:21:16.562Z] [runtime-status] [359311] Resolved module firebase-functions {"declared":true,"installed":true,"version":"3.11.0","resolution":"/home/matheusneves/ufu/software-reliability/functions/node_modules/firebase-functions/lib/index.js"} {"metadata":{"emulator":{"name":"functions"},"message":"[runtime-status] [359311] Resolved module firebase-functions {\"declared\":true,\"installed\":true,\"version\":\"3.11.0\",\"resolution\":\"/home/matheusneves/ufu/software-reliability/functions/node_modules/firebase-functions/lib/index.js\"}"}}
[debug] [2020-09-12T14:21:16.592Z] [runtime-status] [359311] Checked functions.config() {"config":{}} {"metadata":{"emulator":{"name":"functions"},"message":"[runtime-status] [359311] Checked functions.config() {\"config\":{}}"}}
[debug] [2020-09-12T14:21:16.592Z] [runtime-status] [359311] firebase-functions has been stubbed. {"functionsResolution":{"declared":true,"installed":true,"version":"3.11.0","resolution":"/home/matheusneves/ufu/software-reliability/functions/node_modules/firebase-functions/lib/index.js"}} {"metadata":{"emulator":{"name":"functions"},"message":"[runtime-status] [359311] firebase-functions has been stubbed. {\"functionsResolution\":{\"declared\":true,\"installed\":true,\"version\":\"3.11.0\",\"resolution\":\"/home/matheusneves/ufu/software-reliability/functions/node_modules/firebase-functions/lib/index.js\"}}"}}
[debug] [2020-09-12T14:21:16.592Z] [runtime-status] [359311] Resolved module firebase-functions {"declared":true,"installed":true,"version":"3.11.0","resolution":"/home/matheusneves/ufu/software-reliability/functions/node_modules/firebase-functions/lib/index.js"} {"metadata":{"emulator":{"name":"functions"},"message":"[runtime-status] [359311] Resolved module firebase-functions {\"declared\":true,\"installed\":true,\"version\":\"3.11.0\",\"resolution\":\"/home/matheusneves/ufu/software-reliability/functions/node_modules/firebase-functions/lib/index.js\"}"}}
[debug] [2020-09-12T14:21:16.594Z] [runtime-status] [359311] Resolved module firebase-admin {"declared":true,"installed":true,"version":"8.13.0","resolution":"/home/matheusneves/ufu/software-reliability/functions/node_modules/firebase-admin/lib/index.js"} {"metadata":{"emulator":{"name":"functions"},"message":"[runtime-status] [359311] Resolved module firebase-admin {\"declared\":true,\"installed\":true,\"version\":\"8.13.0\",\"resolution\":\"/home/matheusneves/ufu/software-reliability/functions/node_modules/firebase-admin/lib/index.js\"}"}}
[debug] [2020-09-12T14:21:16.594Z] [runtime-status] [359311] Resolved module firebase-functions {"declared":true,"installed":true,"version":"3.11.0","resolution":"/home/matheusneves/ufu/software-reliability/functions/node_modules/firebase-functions/lib/index.js"} {"metadata":{"emulator":{"name":"functions"},"message":"[runtime-status] [359311] Resolved module firebase-functions {\"declared\":true,\"installed\":true,\"version\":\"3.11.0\",\"resolution\":\"/home/matheusneves/ufu/software-reliability/functions/node_modules/firebase-functions/lib/index.js\"}"}}
[debug] [2020-09-12T14:21:16.594Z] [runtime-status] [359311] firebase-admin has been stubbed. {"adminResolution":{"declared":true,"installed":true,"version":"8.13.0","resolution":"/home/matheusneves/ufu/software-reliability/functions/node_modules/firebase-admin/lib/index.js"}} {"metadata":{"emulator":{"name":"functions"},"message":"[runtime-status] [359311] firebase-admin has been stubbed. {\"adminResolution\":{\"declared\":true,\"installed\":true,\"version\":\"8.13.0\",\"resolution\":\"/home/matheusneves/ufu/software-reliability/functions/node_modules/firebase-admin/lib/index.js\"}}"}}
[info] ✔  functions[helloWorld]: http function initialized (http://localhost:5001/software-reliability/us-central1/helloWorld). {"metadata":{"emulator":{"name":"functions"},"message":"\u001b[1mhttp\u001b[22m function initialized (http://localhost:5001/software-reliability/us-central1/helloWorld)."}}
[info] ✔  functions[teste]: http function initialized (http://localhost:5001/software-reliability/us-central1/teste). {"metadata":{"emulator":{"name":"functions"},"message":"\u001b[1mhttp\u001b[22m function initialized (http://localhost:5001/software-reliability/us-central1/teste)."}}
[info] ✔  functions[redirect]: http function initialized (http://localhost:5001/software-reliability/us-central1/redirect). {"metadata":{"emulator":{"name":"functions"},"message":"\u001b[1mhttp\u001b[22m function initialized (http://localhost:5001/software-reliability/us-central1/redirect)."}}
[info] 
┌───────────────────────────────────────────────────────────────────────┐
│ ✔  All emulators ready! View status and logs at http://localhost:4000 │
└───────────────────────────────────────────────────────────────────────┘

┌───────────┬────────────────┬─────────────────────────────────┐
│ Emulator  │ Host:Port      │ View in Emulator UI             │
├───────────┼────────────────┼─────────────────────────────────┤
│ Functions │ localhost:5001 │ http://localhost:4000/functions │
├───────────┼────────────────┼─────────────────────────────────┤
│ Hosting   │ localhost:5000 │ n/a                             │
└───────────┴────────────────┴─────────────────────────────────┘
  Other reserved ports: 4400, 4500

Issues? Report them at https://github.com/firebase/firebase-tools/issues and attach the *-debug.log files.
 
[debug] [2020-09-12T14:21:16.710Z] [worker-~diagnostic~-c081d369-69b2-49b6-9a59-b800965f7742]: IDLE {"metadata":{"emulator":{"name":"functions"},"message":"[worker-~diagnostic~-c081d369-69b2-49b6-9a59-b800965f7742]: IDLE"}}
[debug] [2020-09-12T14:21:29.176Z] [work-queue] {"queueLength":1,"workRunningCount":0}
[debug] [2020-09-12T14:21:29.177Z] [work-queue] {"queueLength":0,"workRunningCount":1}
[debug] [2020-09-12T14:21:29.177Z] Accepted request PUT /software-reliability/us-central1/teste --> teste
[debug] [2020-09-12T14:21:29.183Z] [worker-pool] addWorker(teste) {"metadata":{"emulator":{"name":"functions"},"message":"[worker-pool] addWorker(teste)"}}
[debug] [2020-09-12T14:21:29.183Z] [worker-pool] Adding worker with key teste, total=1 {"metadata":{"emulator":{"name":"functions"},"message":"[worker-pool] Adding worker with key teste, total=1"}}
[debug] [2020-09-12T14:21:29.183Z] [worker-pool] submitWork(triggerId=teste) {"metadata":{"emulator":{"name":"functions"},"message":"[worker-pool] submitWork(triggerId=teste)"}}
[debug] [2020-09-12T14:21:29.184Z] [worker-teste-c180175d-5777-405a-bf42-e25102fdf4df]: Assigning socketPath: /tmp/fire_emu_359390.sock {"metadata":{"emulator":{"name":"functions"},"message":"[worker-teste-c180175d-5777-405a-bf42-e25102fdf4df]: Assigning socketPath: /tmp/fire_emu_359390.sock"}}
[debug] [2020-09-12T14:21:29.184Z] [worker-teste-c180175d-5777-405a-bf42-e25102fdf4df]: BUSY {"metadata":{"emulator":{"name":"functions"},"message":"[worker-teste-c180175d-5777-405a-bf42-e25102fdf4df]: BUSY"}}
[debug] [2020-09-12T14:21:29.484Z] [runtime-status] [359390] Functions runtime initialized. {"cwd":"/home/matheusneves/ufu/software-reliability/functions","node_version":"12.18.1"} {"metadata":{"emulator":{"name":"functions"},"function":{"name":"teste"},"message":"[runtime-status] [359390] Functions runtime initialized. {\"cwd\":\"/home/matheusneves/ufu/software-reliability/functions\",\"node_version\":\"12.18.1\"}"}}
[debug] [2020-09-12T14:21:29.485Z] [runtime-status] [359390] Disabled runtime features: undefined {"metadata":{"emulator":{"name":"functions"},"function":{"name":"teste"},"message":"[runtime-status] [359390] Disabled runtime features: undefined"}}
[debug] [2020-09-12T14:21:29.487Z] [runtime-status] [359390] Resolved module firebase-admin {"declared":true,"installed":true,"version":"8.13.0","resolution":"/home/matheusneves/ufu/software-reliability/functions/node_modules/firebase-admin/lib/index.js"} {"metadata":{"emulator":{"name":"functions"},"function":{"name":"teste"},"message":"[runtime-status] [359390] Resolved module firebase-admin {\"declared\":true,\"installed\":true,\"version\":\"8.13.0\",\"resolution\":\"/home/matheusneves/ufu/software-reliability/functions/node_modules/firebase-admin/lib/index.js\"}"}}
[debug] [2020-09-12T14:21:29.488Z] [runtime-status] [359390] Resolved module firebase-functions {"declared":true,"installed":true,"version":"3.11.0","resolution":"/home/matheusneves/ufu/software-reliability/functions/node_modules/firebase-functions/lib/index.js"} {"metadata":{"emulator":{"name":"functions"},"function":{"name":"teste"},"message":"[runtime-status] [359390] Resolved module firebase-functions {\"declared\":true,\"installed\":true,\"version\":\"3.11.0\",\"resolution\":\"/home/matheusneves/ufu/software-reliability/functions/node_modules/firebase-functions/lib/index.js\"}"}}
[debug] [2020-09-12T14:21:29.489Z] [runtime-status] [359390] Resolved module firebase-functions {"declared":true,"installed":true,"version":"3.11.0","resolution":"/home/matheusneves/ufu/software-reliability/functions/node_modules/firebase-functions/lib/index.js"} {"metadata":{"emulator":{"name":"functions"},"function":{"name":"teste"},"message":"[runtime-status] [359390] Resolved module firebase-functions {\"declared\":true,\"installed\":true,\"version\":\"3.11.0\",\"resolution\":\"/home/matheusneves/ufu/software-reliability/functions/node_modules/firebase-functions/lib/index.js\"}"}}
[debug] [2020-09-12T14:21:29.491Z] [runtime-status] [359390] Outgoing network have been stubbed. [{"name":"http","status":"mocked"},{"name":"http","status":"mocked"},{"name":"https","status":"mocked"},{"name":"https","status":"mocked"},{"name":"net","status":"mocked"}] {"metadata":{"emulator":{"name":"functions"},"function":{"name":"teste"},"message":"[runtime-status] [359390] Outgoing network have been stubbed. [{\"name\":\"http\",\"status\":\"mocked\"},{\"name\":\"http\",\"status\":\"mocked\"},{\"name\":\"https\",\"status\":\"mocked\"},{\"name\":\"https\",\"status\":\"mocked\"},{\"name\":\"net\",\"status\":\"mocked\"}]"}}
[debug] [2020-09-12T14:21:29.492Z] [runtime-status] [359390] Resolved module firebase-functions {"declared":true,"installed":true,"version":"3.11.0","resolution":"/home/matheusneves/ufu/software-reliability/functions/node_modules/firebase-functions/lib/index.js"} {"metadata":{"emulator":{"name":"functions"},"function":{"name":"teste"},"message":"[runtime-status] [359390] Resolved module firebase-functions {\"declared\":true,\"installed\":true,\"version\":\"3.11.0\",\"resolution\":\"/home/matheusneves/ufu/software-reliability/functions/node_modules/firebase-functions/lib/index.js\"}"}}
[debug] [2020-09-12T14:21:29.521Z] [runtime-status] [359390] Checked functions.config() {"config":{}} {"metadata":{"emulator":{"name":"functions"},"function":{"name":"teste"},"message":"[runtime-status] [359390] Checked functions.config() {\"config\":{}}"}}
[debug] [2020-09-12T14:21:29.522Z] [runtime-status] [359390] firebase-functions has been stubbed. {"functionsResolution":{"declared":true,"installed":true,"version":"3.11.0","resolution":"/home/matheusneves/ufu/software-reliability/functions/node_modules/firebase-functions/lib/index.js"}} {"metadata":{"emulator":{"name":"functions"},"function":{"name":"teste"},"message":"[runtime-status] [359390] firebase-functions has been stubbed. {\"functionsResolution\":{\"declared\":true,\"installed\":true,\"version\":\"3.11.0\",\"resolution\":\"/home/matheusneves/ufu/software-reliability/functions/node_modules/firebase-functions/lib/index.js\"}}"}}
[debug] [2020-09-12T14:21:29.522Z] [runtime-status] [359390] Resolved module firebase-functions {"declared":true,"installed":true,"version":"3.11.0","resolution":"/home/matheusneves/ufu/software-reliability/functions/node_modules/firebase-functions/lib/index.js"} {"metadata":{"emulator":{"name":"functions"},"function":{"name":"teste"},"message":"[runtime-status] [359390] Resolved module firebase-functions {\"declared\":true,\"installed\":true,\"version\":\"3.11.0\",\"resolution\":\"/home/matheusneves/ufu/software-reliability/functions/node_modules/firebase-functions/lib/index.js\"}"}}
[debug] [2020-09-12T14:21:29.523Z] [runtime-status] [359390] Resolved module firebase-admin {"declared":true,"installed":true,"version":"8.13.0","resolution":"/home/matheusneves/ufu/software-reliability/functions/node_modules/firebase-admin/lib/index.js"} {"metadata":{"emulator":{"name":"functions"},"function":{"name":"teste"},"message":"[runtime-status] [359390] Resolved module firebase-admin {\"declared\":true,\"installed\":true,\"version\":\"8.13.0\",\"resolution\":\"/home/matheusneves/ufu/software-reliability/functions/node_modules/firebase-admin/lib/index.js\"}"}}
[debug] [2020-09-12T14:21:29.524Z] [runtime-status] [359390] Resolved module firebase-functions {"declared":true,"installed":true,"version":"3.11.0","resolution":"/home/matheusneves/ufu/software-reliability/functions/node_modules/firebase-functions/lib/index.js"} {"metadata":{"emulator":{"name":"functions"},"function":{"name":"teste"},"message":"[runtime-status] [359390] Resolved module firebase-functions {\"declared\":true,\"installed\":true,\"version\":\"3.11.0\",\"resolution\":\"/home/matheusneves/ufu/software-reliability/functions/node_modules/firebase-functions/lib/index.js\"}"}}
[debug] [2020-09-12T14:21:29.524Z] [runtime-status] [359390] firebase-admin has been stubbed. {"adminResolution":{"declared":true,"installed":true,"version":"8.13.0","resolution":"/home/matheusneves/ufu/software-reliability/functions/node_modules/firebase-admin/lib/index.js"}} {"metadata":{"emulator":{"name":"functions"},"function":{"name":"teste"},"message":"[runtime-status] [359390] firebase-admin has been stubbed. {\"adminResolution\":{\"declared\":true,\"installed\":true,\"version\":\"8.13.0\",\"resolution\":\"/home/matheusneves/ufu/software-reliability/functions/node_modules/firebase-admin/lib/index.js\"}}"}}
[debug] [2020-09-12T14:21:29.633Z] [runtime-status] [359390] Trigger "teste" has been found, beginning invocation! {"metadata":{"emulator":{"name":"functions"},"function":{"name":"teste"},"message":"[runtime-status] [359390] Trigger \"teste\" has been found, beginning invocation!"}}
[info] i  functions: Beginning execution of "teste" {"metadata":{"emulator":{"name":"functions"},"function":{"name":"teste"},"message":"Beginning execution of \"teste\""}}
[debug] [2020-09-12T14:21:29.635Z] [runtime-status] [359390] triggerDefinition {"httpsTrigger":{},"name":"teste","entryPoint":"teste"} {"metadata":{"emulator":{"name":"functions"},"function":{"name":"teste"},"message":"[runtime-status] [359390] triggerDefinition {\"httpsTrigger\":{},\"name\":\"teste\",\"entryPoint\":\"teste\"}"}}
[debug] [2020-09-12T14:21:29.635Z] [runtime-status] [359390] Running teste in mode HTTPS {"metadata":{"emulator":{"name":"functions"},"function":{"name":"teste"},"message":"[runtime-status] [359390] Running teste in mode HTTPS"}}
[debug] [2020-09-12T14:21:29.638Z] [runtime-status] [359390] Attempting to listen to socketPath: /tmp/fire_emu_359390.sock {"metadata":{"emulator":{"name":"functions"},"function":{"name":"teste"},"message":"[runtime-status] [359390] Attempting to listen to socketPath: /tmp/fire_emu_359390.sock"}}
[debug] [2020-09-12T14:21:29.641Z] [functions] Runtime ready! Sending request! {"metadata":{"emulator":{"name":"functions"},"message":"[functions] Runtime ready! Sending request!"}}
[debug] [2020-09-12T14:21:29.662Z] [runtime-status] [359390] Ephemeral server handling PUT request {"metadata":{"emulator":{"name":"functions"},"function":{"name":"teste"},"message":"[runtime-status] [359390] Ephemeral server handling PUT request"}}
[debug] [2020-09-12T14:21:29.664Z] [runtime-status] [359390] Ephemeral server survived. {"metadata":{"emulator":{"name":"functions"},"function":{"name":"teste"},"message":"[runtime-status] [359390] Ephemeral server survived."}}
[info] >  (node:359390) UnhandledPromiseRejectionWarning: Error: The action is not provided or invalid. {"user":"(node:359390) UnhandledPromiseRejectionWarning: Error: The action is not provided or invalid.","metadata":{"emulator":{"name":"functions"},"function":{"name":"teste"},"message":"\u001b[90m> \u001b[39m (node:359390) UnhandledPromiseRejectionWarning: Error: The action is not provided or invalid."}}
[info] >      at File.getSignedUrl (/home/matheusneves/ufu/software-reliability/functions/node_modules/@google-cloud/storage/build/src/file.js:2152:19) {"user":"    at File.getSignedUrl (/home/matheusneves/ufu/software-reliability/functions/node_modules/@google-cloud/storage/build/src/file.js:2152:19)","metadata":{"emulator":{"name":"functions"},"function":{"name":"teste"},"message":"\u001b[90m> \u001b[39m     at File.getSignedUrl (/home/matheusneves/ufu/software-reliability/functions/node_modules/@google-cloud/storage/build/src/file.js:2152:19)"}}
[info] >      at /home/matheusneves/ufu/software-reliability/functions/node_modules/@google-cloud/promisify/build/src/index.js:57:28 {"user":"    at /home/matheusneves/ufu/software-reliability/functions/node_modules/@google-cloud/promisify/build/src/index.js:57:28","metadata":{"emulator":{"name":"functions"},"function":{"name":"teste"},"message":"\u001b[90m> \u001b[39m     at /home/matheusneves/ufu/software-reliability/functions/node_modules/@google-cloud/promisify/build/src/index.js:57:28"}}
[info] >      at new Promise (<anonymous>) {"user":"    at new Promise (<anonymous>)","metadata":{"emulator":{"name":"functions"},"function":{"name":"teste"},"message":"\u001b[90m> \u001b[39m     at new Promise (<anonymous>)"}}
[info] >      at File.wrapper (/home/matheusneves/ufu/software-reliability/functions/node_modules/@google-cloud/promisify/build/src/index.js:42:16) {"user":"    at File.wrapper (/home/matheusneves/ufu/software-reliability/functions/node_modules/@google-cloud/promisify/build/src/index.js:42:16)","metadata":{"emulator":{"name":"functions"},"function":{"name":"teste"},"message":"\u001b[90m> \u001b[39m     at File.wrapper (/home/matheusneves/ufu/software-reliability/functions/node_modules/@google-cloud/promisify/build/src/index.js:42:16)"}}
[info] >      at /home/matheusneves/ufu/software-reliability/functions/index.js:37:8 {"user":"    at /home/matheusneves/ufu/software-reliability/functions/index.js:37:8","metadata":{"emulator":{"name":"functions"},"function":{"name":"teste"},"message":"\u001b[90m> \u001b[39m     at /home/matheusneves/ufu/software-reliability/functions/index.js:37:8"}}
[info] >      at /home/matheusneves/.cache/firebase/tools/lib/node_modules/firebase-tools/lib/emulator/functionsEmulatorRuntime.js:593:20 {"user":"    at /home/matheusneves/.cache/firebase/tools/lib/node_modules/firebase-tools/lib/emulator/functionsEmulatorRuntime.js:593:20","metadata":{"emulator":{"name":"functions"},"function":{"name":"teste"},"message":"\u001b[90m> \u001b[39m     at /home/matheusneves/.cache/firebase/tools/lib/node_modules/firebase-tools/lib/emulator/functionsEmulatorRuntime.js:593:20"}}
[info] >      at /home/matheusneves/.cache/firebase/tools/lib/node_modules/firebase-tools/lib/emulator/functionsEmulatorRuntime.js:568:19 {"user":"    at /home/matheusneves/.cache/firebase/tools/lib/node_modules/firebase-tools/lib/emulator/functionsEmulatorRuntime.js:568:19","metadata":{"emulator":{"name":"functions"},"function":{"name":"teste"},"message":"\u001b[90m> \u001b[39m     at /home/matheusneves/.cache/firebase/tools/lib/node_modules/firebase-tools/lib/emulator/functionsEmulatorRuntime.js:568:19"}}
[info] >      at Generator.next (<anonymous>) {"user":"    at Generator.next (<anonymous>)","metadata":{"emulator":{"name":"functions"},"function":{"name":"teste"},"message":"\u001b[90m> \u001b[39m     at Generator.next (<anonymous>)"}}
[info] >      at /home/matheusneves/.cache/firebase/tools/lib/node_modules/firebase-tools/lib/emulator/functionsEmulatorRuntime.js:8:71 {"user":"    at /home/matheusneves/.cache/firebase/tools/lib/node_modules/firebase-tools/lib/emulator/functionsEmulatorRuntime.js:8:71","metadata":{"emulator":{"name":"functions"},"function":{"name":"teste"},"message":"\u001b[90m> \u001b[39m     at /home/matheusneves/.cache/firebase/tools/lib/node_modules/firebase-tools/lib/emulator/functionsEmulatorRuntime.js:8:71"}}
[info] >      at new Promise (<anonymous>) {"user":"    at new Promise (<anonymous>)","metadata":{"emulator":{"name":"functions"},"function":{"name":"teste"},"message":"\u001b[90m> \u001b[39m     at new Promise (<anonymous>)"}}
[info] >  (node:359390) UnhandledPromiseRejectionWarning: Unhandled promise rejection. This error originated either by throwing inside of an async function without a catch block, or by rejecting a promise which was not handled with .catch(). To terminate the node process on unhandled promise rejection, use the CLI flag `--unhandled-rejections=strict` (see https://nodejs.org/api/cli.html#cli_unhandled_rejections_mode). (rejection id: 2) {"user":"(node:359390) UnhandledPromiseRejectionWarning: Unhandled promise rejection. This error originated either by throwing inside of an async function without a catch block, or by rejecting a promise which was not handled with .catch(). To terminate the node process on unhandled promise rejection, use the CLI flag `--unhandled-rejections=strict` (see https://nodejs.org/api/cli.html#cli_unhandled_rejections_mode). (rejection id: 2)","metadata":{"emulator":{"name":"functions"},"function":{"name":"teste"},"message":"\u001b[90m> \u001b[39m (node:359390) UnhandledPromiseRejectionWarning: Unhandled promise rejection. This error originated either by throwing inside of an async function without a catch block, or by rejecting a promise which was not handled with .catch(). To terminate the node process on unhandled promise rejection, use the CLI flag `--unhandled-rejections=strict` (see https://nodejs.org/api/cli.html#cli_unhandled_rejections_mode). (rejection id: 2)"}}
[info] >  (node:359390) [DEP0018] DeprecationWarning: Unhandled promise rejections are deprecated. In the future, promise rejections that are not handled will terminate the Node.js process with a non-zero exit code. {"user":"(node:359390) [DEP0018] DeprecationWarning: Unhandled promise rejections are deprecated. In the future, promise rejections that are not handled will terminate the Node.js process with a non-zero exit code.","metadata":{"emulator":{"name":"functions"},"function":{"name":"teste"},"message":"\u001b[90m> \u001b[39m (node:359390) [DEP0018] DeprecationWarning: Unhandled promise rejections are deprecated. In the future, promise rejections that are not handled will terminate the Node.js process with a non-zero exit code."}}
[warn] ⚠  functions: Your function timed out after ~60s. To configure this timeout, see
      https://firebase.google.com/docs/functions/manage-functions#set_timeout_and_memory_allocation. {"metadata":{"emulator":{"name":"functions"},"function":{"name":"teste"},"message":"Your function timed out after ~60s. To configure this timeout, see\n      https://firebase.google.com/docs/functions/manage-functions#set_timeout_and_memory_allocation."}}
[info] >  /home/matheusneves/.cache/firebase/tools/lib/node_modules/firebase-tools/lib/emulator/functionsEmulatorRuntime.js:642 {"user":"/home/matheusneves/.cache/firebase/tools/lib/node_modules/firebase-tools/lib/emulator/functionsEmulatorRuntime.js:642","metadata":{"emulator":{"name":"functions"},"function":{"name":"teste"},"message":"\u001b[90m> \u001b[39m /home/matheusneves/.cache/firebase/tools/lib/node_modules/firebase-tools/lib/emulator/functionsEmulatorRuntime.js:642"}}
[info] >                  throw new Error("Function timed out."); {"user":"                throw new Error(\"Function timed out.\");","metadata":{"emulator":{"name":"functions"},"function":{"name":"teste"},"message":"\u001b[90m> \u001b[39m                 throw new Error(\"Function timed out.\");"}}
[info] >                  ^ {"user":"                ^","metadata":{"emulator":{"name":"functions"},"function":{"name":"teste"},"message":"\u001b[90m> \u001b[39m                 ^"}}
[info] >   {"user":"","metadata":{"emulator":{"name":"functions"},"function":{"name":"teste"},"message":"\u001b[90m> \u001b[39m "}}
[info] >  Error: Function timed out. {"user":"Error: Function timed out.","metadata":{"emulator":{"name":"functions"},"function":{"name":"teste"},"message":"\u001b[90m> \u001b[39m Error: Function timed out."}}
[info] >      at Timeout._onTimeout (/home/matheusneves/.cache/firebase/tools/lib/node_modules/firebase-tools/lib/emulator/functionsEmulatorRuntime.js:642:23) {"user":"    at Timeout._onTimeout (/home/matheusneves/.cache/firebase/tools/lib/node_modules/firebase-tools/lib/emulator/functionsEmulatorRuntime.js:642:23)","metadata":{"emulator":{"name":"functions"},"function":{"name":"teste"},"message":"\u001b[90m> \u001b[39m     at Timeout._onTimeout (/home/matheusneves/.cache/firebase/tools/lib/node_modules/firebase-tools/lib/emulator/functionsEmulatorRuntime.js:642:23)"}}
[info] >      at listOnTimeout (internal/timers.js:549:17) {"user":"    at listOnTimeout (internal/timers.js:549:17)","metadata":{"emulator":{"name":"functions"},"function":{"name":"teste"},"message":"\u001b[90m> \u001b[39m     at listOnTimeout (internal/timers.js:549:17)"}}
[info] >      at processTimers (internal/timers.js:492:7) {"user":"    at processTimers (internal/timers.js:492:7)","metadata":{"emulator":{"name":"functions"},"function":{"name":"teste"},"message":"\u001b[90m> \u001b[39m     at processTimers (internal/timers.js:492:7)"}}
[debug] [2020-09-12T14:22:29.677Z] [worker-teste-c180175d-5777-405a-bf42-e25102fdf4df]: exited {"metadata":{"emulator":{"name":"functions"},"message":"[worker-teste-c180175d-5777-405a-bf42-e25102fdf4df]: exited"}}
[debug] [2020-09-12T14:22:29.678Z] [worker-teste-c180175d-5777-405a-bf42-e25102fdf4df]: FINISHED {"metadata":{"emulator":{"name":"functions"},"message":"[worker-teste-c180175d-5777-405a-bf42-e25102fdf4df]: FINISHED"}}
[debug] [2020-09-12T14:22:29.679Z] [work-queue] {"queueLength":0,"workRunningCount":0}
[debug] [2020-09-12T14:22:57.876Z] File /home/matheusneves/ufu/software-reliability/functions/index.js changed, reloading triggers {"metadata":{"emulator":{"name":"functions"},"message":"File /home/matheusneves/ufu/software-reliability/functions/index.js changed, reloading triggers"}}
[debug] [2020-09-12T14:22:58.878Z] [worker-pool] Shutting down IDLE worker (~diagnostic~) {"metadata":{"emulator":{"name":"functions"},"message":"[worker-pool] Shutting down IDLE worker (~diagnostic~)"}}
[debug] [2020-09-12T14:22:58.879Z] [worker-~diagnostic~-c081d369-69b2-49b6-9a59-b800965f7742]: FINISHING {"metadata":{"emulator":{"name":"functions"},"message":"[worker-~diagnostic~-c081d369-69b2-49b6-9a59-b800965f7742]: FINISHING"}}
[debug] [2020-09-12T14:22:58.881Z] [worker-pool] Cleaned up workers for teste: 1 --> 0 {"metadata":{"emulator":{"name":"functions"},"message":"[worker-pool] Cleaned up workers for teste: 1 --> 0"}}
[debug] [2020-09-12T14:22:58.894Z] [worker-pool] addWorker(~diagnostic~) {"metadata":{"emulator":{"name":"functions"},"message":"[worker-pool] addWorker(~diagnostic~)"}}
[debug] [2020-09-12T14:22:58.894Z] [worker-pool] Adding worker with key ~diagnostic~, total=2 {"metadata":{"emulator":{"name":"functions"},"message":"[worker-pool] Adding worker with key ~diagnostic~, total=2"}}
[debug] [2020-09-12T14:22:58.895Z] [worker-pool] submitWork(triggerId=) {"metadata":{"emulator":{"name":"functions"},"message":"[worker-pool] submitWork(triggerId=)"}}
[debug] [2020-09-12T14:22:58.895Z] [worker-~diagnostic~-8a632c26-0806-4c69-86c4-35b95206b74c]: Assigning socketPath: /tmp/fire_emu_359693.sock {"metadata":{"emulator":{"name":"functions"},"message":"[worker-~diagnostic~-8a632c26-0806-4c69-86c4-35b95206b74c]: Assigning socketPath: /tmp/fire_emu_359693.sock"}}
[debug] [2020-09-12T14:22:58.895Z] [worker-~diagnostic~-8a632c26-0806-4c69-86c4-35b95206b74c]: BUSY {"metadata":{"emulator":{"name":"functions"},"message":"[worker-~diagnostic~-8a632c26-0806-4c69-86c4-35b95206b74c]: BUSY"}}
[debug] [2020-09-12T14:22:58.897Z] [worker-~diagnostic~-c081d369-69b2-49b6-9a59-b800965f7742]: exited {"metadata":{"emulator":{"name":"functions"},"message":"[worker-~diagnostic~-c081d369-69b2-49b6-9a59-b800965f7742]: exited"}}
[debug] [2020-09-12T14:22:58.897Z] [worker-~diagnostic~-c081d369-69b2-49b6-9a59-b800965f7742]: FINISHED {"metadata":{"emulator":{"name":"functions"},"message":"[worker-~diagnostic~-c081d369-69b2-49b6-9a59-b800965f7742]: FINISHED"}}
[debug] [2020-09-12T14:22:59.263Z] [runtime-status] [359693] Functions runtime initialized. {"cwd":"/home/matheusneves/ufu/software-reliability/functions","node_version":"12.18.1"} {"metadata":{"emulator":{"name":"functions"},"message":"[runtime-status] [359693] Functions runtime initialized. {\"cwd\":\"/home/matheusneves/ufu/software-reliability/functions\",\"node_version\":\"12.18.1\"}"}}
[debug] [2020-09-12T14:22:59.265Z] [runtime-status] [359693] Disabled runtime features: undefined {"metadata":{"emulator":{"name":"functions"},"message":"[runtime-status] [359693] Disabled runtime features: undefined"}}
[debug] [2020-09-12T14:22:59.267Z] [runtime-status] [359693] Resolved module firebase-admin {"declared":true,"installed":true,"version":"8.13.0","resolution":"/home/matheusneves/ufu/software-reliability/functions/node_modules/firebase-admin/lib/index.js"} {"metadata":{"emulator":{"name":"functions"},"message":"[runtime-status] [359693] Resolved module firebase-admin {\"declared\":true,\"installed\":true,\"version\":\"8.13.0\",\"resolution\":\"/home/matheusneves/ufu/software-reliability/functions/node_modules/firebase-admin/lib/index.js\"}"}}
[debug] [2020-09-12T14:22:59.268Z] [runtime-status] [359693] Resolved module firebase-functions {"declared":true,"installed":true,"version":"3.11.0","resolution":"/home/matheusneves/ufu/software-reliability/functions/node_modules/firebase-functions/lib/index.js"} {"metadata":{"emulator":{"name":"functions"},"message":"[runtime-status] [359693] Resolved module firebase-functions {\"declared\":true,\"installed\":true,\"version\":\"3.11.0\",\"resolution\":\"/home/matheusneves/ufu/software-reliability/functions/node_modules/firebase-functions/lib/index.js\"}"}}
[debug] [2020-09-12T14:22:59.269Z] [runtime-status] [359693] Resolved module firebase-functions {"declared":true,"installed":true,"version":"3.11.0","resolution":"/home/matheusneves/ufu/software-reliability/functions/node_modules/firebase-functions/lib/index.js"} {"metadata":{"emulator":{"name":"functions"},"message":"[runtime-status] [359693] Resolved module firebase-functions {\"declared\":true,\"installed\":true,\"version\":\"3.11.0\",\"resolution\":\"/home/matheusneves/ufu/software-reliability/functions/node_modules/firebase-functions/lib/index.js\"}"}}
[debug] [2020-09-12T14:22:59.271Z] [runtime-status] [359693] Outgoing network have been stubbed. [{"name":"http","status":"mocked"},{"name":"http","status":"mocked"},{"name":"https","status":"mocked"},{"name":"https","status":"mocked"},{"name":"net","status":"mocked"}] {"metadata":{"emulator":{"name":"functions"},"message":"[runtime-status] [359693] Outgoing network have been stubbed. [{\"name\":\"http\",\"status\":\"mocked\"},{\"name\":\"http\",\"status\":\"mocked\"},{\"name\":\"https\",\"status\":\"mocked\"},{\"name\":\"https\",\"status\":\"mocked\"},{\"name\":\"net\",\"status\":\"mocked\"}]"}}
[debug] [2020-09-12T14:22:59.271Z] [runtime-status] [359693] Resolved module firebase-functions {"declared":true,"installed":true,"version":"3.11.0","resolution":"/home/matheusneves/ufu/software-reliability/functions/node_modules/firebase-functions/lib/index.js"} {"metadata":{"emulator":{"name":"functions"},"message":"[runtime-status] [359693] Resolved module firebase-functions {\"declared\":true,\"installed\":true,\"version\":\"3.11.0\",\"resolution\":\"/home/matheusneves/ufu/software-reliability/functions/node_modules/firebase-functions/lib/index.js\"}"}}
[debug] [2020-09-12T14:22:59.302Z] [runtime-status] [359693] Checked functions.config() {"config":{}} {"metadata":{"emulator":{"name":"functions"},"message":"[runtime-status] [359693] Checked functions.config() {\"config\":{}}"}}
[debug] [2020-09-12T14:22:59.302Z] [runtime-status] [359693] firebase-functions has been stubbed. {"functionsResolution":{"declared":true,"installed":true,"version":"3.11.0","resolution":"/home/matheusneves/ufu/software-reliability/functions/node_modules/firebase-functions/lib/index.js"}} {"metadata":{"emulator":{"name":"functions"},"message":"[runtime-status] [359693] firebase-functions has been stubbed. {\"functionsResolution\":{\"declared\":true,\"installed\":true,\"version\":\"3.11.0\",\"resolution\":\"/home/matheusneves/ufu/software-reliability/functions/node_modules/firebase-functions/lib/index.js\"}}"}}
[debug] [2020-09-12T14:22:59.303Z] [runtime-status] [359693] Resolved module firebase-functions {"declared":true,"installed":true,"version":"3.11.0","resolution":"/home/matheusneves/ufu/software-reliability/functions/node_modules/firebase-functions/lib/index.js"} {"metadata":{"emulator":{"name":"functions"},"message":"[runtime-status] [359693] Resolved module firebase-functions {\"declared\":true,\"installed\":true,\"version\":\"3.11.0\",\"resolution\":\"/home/matheusneves/ufu/software-reliability/functions/node_modules/firebase-functions/lib/index.js\"}"}}
[debug] [2020-09-12T14:22:59.304Z] [runtime-status] [359693] Resolved module firebase-admin {"declared":true,"installed":true,"version":"8.13.0","resolution":"/home/matheusneves/ufu/software-reliability/functions/node_modules/firebase-admin/lib/index.js"} {"metadata":{"emulator":{"name":"functions"},"message":"[runtime-status] [359693] Resolved module firebase-admin {\"declared\":true,\"installed\":true,\"version\":\"8.13.0\",\"resolution\":\"/home/matheusneves/ufu/software-reliability/functions/node_modules/firebase-admin/lib/index.js\"}"}}
[debug] [2020-09-12T14:22:59.304Z] [runtime-status] [359693] Resolved module firebase-functions {"declared":true,"installed":true,"version":"3.11.0","resolution":"/home/matheusneves/ufu/software-reliability/functions/node_modules/firebase-functions/lib/index.js"} {"metadata":{"emulator":{"name":"functions"},"message":"[runtime-status] [359693] Resolved module firebase-functions {\"declared\":true,\"installed\":true,\"version\":\"3.11.0\",\"resolution\":\"/home/matheusneves/ufu/software-reliability/functions/node_modules/firebase-functions/lib/index.js\"}"}}
[debug] [2020-09-12T14:22:59.304Z] [runtime-status] [359693] firebase-admin has been stubbed. {"adminResolution":{"declared":true,"installed":true,"version":"8.13.0","resolution":"/home/matheusneves/ufu/software-reliability/functions/node_modules/firebase-admin/lib/index.js"}} {"metadata":{"emulator":{"name":"functions"},"message":"[runtime-status] [359693] firebase-admin has been stubbed. {\"adminResolution\":{\"declared\":true,\"installed\":true,\"version\":\"8.13.0\",\"resolution\":\"/home/matheusneves/ufu/software-reliability/functions/node_modules/firebase-admin/lib/index.js\"}}"}}
[debug] [2020-09-12T14:22:59.420Z] [worker-~diagnostic~-8a632c26-0806-4c69-86c4-35b95206b74c]: IDLE {"metadata":{"emulator":{"name":"functions"},"message":"[worker-~diagnostic~-8a632c26-0806-4c69-86c4-35b95206b74c]: IDLE"}}
[debug] [2020-09-12T14:23:04.057Z] [work-queue] {"queueLength":1,"workRunningCount":0}
[debug] [2020-09-12T14:23:04.058Z] [work-queue] {"queueLength":0,"workRunningCount":1}
[debug] [2020-09-12T14:23:04.058Z] Accepted request PUT /software-reliability/us-central1/teste --> teste
[debug] [2020-09-12T14:23:04.058Z] [worker-pool] Cleaned up workers for ~diagnostic~: 2 --> 1 {"metadata":{"emulator":{"name":"functions"},"message":"[worker-pool] Cleaned up workers for ~diagnostic~: 2 --> 1"}}
[debug] [2020-09-12T14:23:04.064Z] [worker-pool] addWorker(teste) {"metadata":{"emulator":{"name":"functions"},"message":"[worker-pool] addWorker(teste)"}}
[debug] [2020-09-12T14:23:04.064Z] [worker-pool] Adding worker with key teste, total=1 {"metadata":{"emulator":{"name":"functions"},"message":"[worker-pool] Adding worker with key teste, total=1"}}
[debug] [2020-09-12T14:23:04.064Z] [worker-pool] submitWork(triggerId=teste) {"metadata":{"emulator":{"name":"functions"},"message":"[worker-pool] submitWork(triggerId=teste)"}}
[debug] [2020-09-12T14:23:04.065Z] [worker-teste-30af4763-56e7-44d8-af93-034e8d63dad8]: Assigning socketPath: /tmp/fire_emu_359735.sock {"metadata":{"emulator":{"name":"functions"},"message":"[worker-teste-30af4763-56e7-44d8-af93-034e8d63dad8]: Assigning socketPath: /tmp/fire_emu_359735.sock"}}
[debug] [2020-09-12T14:23:04.065Z] [worker-teste-30af4763-56e7-44d8-af93-034e8d63dad8]: BUSY {"metadata":{"emulator":{"name":"functions"},"message":"[worker-teste-30af4763-56e7-44d8-af93-034e8d63dad8]: BUSY"}}
[debug] [2020-09-12T14:23:04.369Z] [runtime-status] [359735] Functions runtime initialized. {"cwd":"/home/matheusneves/ufu/software-reliability/functions","node_version":"12.18.1"} {"metadata":{"emulator":{"name":"functions"},"function":{"name":"teste"},"message":"[runtime-status] [359735] Functions runtime initialized. {\"cwd\":\"/home/matheusneves/ufu/software-reliability/functions\",\"node_version\":\"12.18.1\"}"}}
[debug] [2020-09-12T14:23:04.370Z] [runtime-status] [359735] Disabled runtime features: undefined {"metadata":{"emulator":{"name":"functions"},"function":{"name":"teste"},"message":"[runtime-status] [359735] Disabled runtime features: undefined"}}
[debug] [2020-09-12T14:23:04.372Z] [runtime-status] [359735] Resolved module firebase-admin {"declared":true,"installed":true,"version":"8.13.0","resolution":"/home/matheusneves/ufu/software-reliability/functions/node_modules/firebase-admin/lib/index.js"} {"metadata":{"emulator":{"name":"functions"},"function":{"name":"teste"},"message":"[runtime-status] [359735] Resolved module firebase-admin {\"declared\":true,\"installed\":true,\"version\":\"8.13.0\",\"resolution\":\"/home/matheusneves/ufu/software-reliability/functions/node_modules/firebase-admin/lib/index.js\"}"}}
[debug] [2020-09-12T14:23:04.373Z] [runtime-status] [359735] Resolved module firebase-functions {"declared":true,"installed":true,"version":"3.11.0","resolution":"/home/matheusneves/ufu/software-reliability/functions/node_modules/firebase-functions/lib/index.js"} {"metadata":{"emulator":{"name":"functions"},"function":{"name":"teste"},"message":"[runtime-status] [359735] Resolved module firebase-functions {\"declared\":true,\"installed\":true,\"version\":\"3.11.0\",\"resolution\":\"/home/matheusneves/ufu/software-reliability/functions/node_modules/firebase-functions/lib/index.js\"}"}}
[debug] [2020-09-12T14:23:04.374Z] [runtime-status] [359735] Resolved module firebase-functions {"declared":true,"installed":true,"version":"3.11.0","resolution":"/home/matheusneves/ufu/software-reliability/functions/node_modules/firebase-functions/lib/index.js"} {"metadata":{"emulator":{"name":"functions"},"function":{"name":"teste"},"message":"[runtime-status] [359735] Resolved module firebase-functions {\"declared\":true,\"installed\":true,\"version\":\"3.11.0\",\"resolution\":\"/home/matheusneves/ufu/software-reliability/functions/node_modules/firebase-functions/lib/index.js\"}"}}
[debug] [2020-09-12T14:23:04.376Z] [runtime-status] [359735] Outgoing network have been stubbed. [{"name":"http","status":"mocked"},{"name":"http","status":"mocked"},{"name":"https","status":"mocked"},{"name":"https","status":"mocked"},{"name":"net","status":"mocked"}] {"metadata":{"emulator":{"name":"functions"},"function":{"name":"teste"},"message":"[runtime-status] [359735] Outgoing network have been stubbed. [{\"name\":\"http\",\"status\":\"mocked\"},{\"name\":\"http\",\"status\":\"mocked\"},{\"name\":\"https\",\"status\":\"mocked\"},{\"name\":\"https\",\"status\":\"mocked\"},{\"name\":\"net\",\"status\":\"mocked\"}]"}}
[debug] [2020-09-12T14:23:04.377Z] [runtime-status] [359735] Resolved module firebase-functions {"declared":true,"installed":true,"version":"3.11.0","resolution":"/home/matheusneves/ufu/software-reliability/functions/node_modules/firebase-functions/lib/index.js"} {"metadata":{"emulator":{"name":"functions"},"function":{"name":"teste"},"message":"[runtime-status] [359735] Resolved module firebase-functions {\"declared\":true,\"installed\":true,\"version\":\"3.11.0\",\"resolution\":\"/home/matheusneves/ufu/software-reliability/functions/node_modules/firebase-functions/lib/index.js\"}"}}
[debug] [2020-09-12T14:23:04.406Z] [runtime-status] [359735] Checked functions.config() {"config":{}} {"metadata":{"emulator":{"name":"functions"},"function":{"name":"teste"},"message":"[runtime-status] [359735] Checked functions.config() {\"config\":{}}"}}
[debug] [2020-09-12T14:23:04.407Z] [runtime-status] [359735] firebase-functions has been stubbed. {"functionsResolution":{"declared":true,"installed":true,"version":"3.11.0","resolution":"/home/matheusneves/ufu/software-reliability/functions/node_modules/firebase-functions/lib/index.js"}} {"metadata":{"emulator":{"name":"functions"},"function":{"name":"teste"},"message":"[runtime-status] [359735] firebase-functions has been stubbed. {\"functionsResolution\":{\"declared\":true,\"installed\":true,\"version\":\"3.11.0\",\"resolution\":\"/home/matheusneves/ufu/software-reliability/functions/node_modules/firebase-functions/lib/index.js\"}}"}}
[debug] [2020-09-12T14:23:04.407Z] [runtime-status] [359735] Resolved module firebase-functions {"declared":true,"installed":true,"version":"3.11.0","resolution":"/home/matheusneves/ufu/software-reliability/functions/node_modules/firebase-functions/lib/index.js"} {"metadata":{"emulator":{"name":"functions"},"function":{"name":"teste"},"message":"[runtime-status] [359735] Resolved module firebase-functions {\"declared\":true,\"installed\":true,\"version\":\"3.11.0\",\"resolution\":\"/home/matheusneves/ufu/software-reliability/functions/node_modules/firebase-functions/lib/index.js\"}"}}
[debug] [2020-09-12T14:23:04.408Z] [runtime-status] [359735] Resolved module firebase-admin {"declared":true,"installed":true,"version":"8.13.0","resolution":"/home/matheusneves/ufu/software-reliability/functions/node_modules/firebase-admin/lib/index.js"} {"metadata":{"emulator":{"name":"functions"},"function":{"name":"teste"},"message":"[runtime-status] [359735] Resolved module firebase-admin {\"declared\":true,\"installed\":true,\"version\":\"8.13.0\",\"resolution\":\"/home/matheusneves/ufu/software-reliability/functions/node_modules/firebase-admin/lib/index.js\"}"}}
[debug] [2020-09-12T14:23:04.409Z] [runtime-status] [359735] Resolved module firebase-functions {"declared":true,"installed":true,"version":"3.11.0","resolution":"/home/matheusneves/ufu/software-reliability/functions/node_modules/firebase-functions/lib/index.js"} {"metadata":{"emulator":{"name":"functions"},"function":{"name":"teste"},"message":"[runtime-status] [359735] Resolved module firebase-functions {\"declared\":true,\"installed\":true,\"version\":\"3.11.0\",\"resolution\":\"/home/matheusneves/ufu/software-reliability/functions/node_modules/firebase-functions/lib/index.js\"}"}}
[debug] [2020-09-12T14:23:04.409Z] [runtime-status] [359735] firebase-admin has been stubbed. {"adminResolution":{"declared":true,"installed":true,"version":"8.13.0","resolution":"/home/matheusneves/ufu/software-reliability/functions/node_modules/firebase-admin/lib/index.js"}} {"metadata":{"emulator":{"name":"functions"},"function":{"name":"teste"},"message":"[runtime-status] [359735] firebase-admin has been stubbed. {\"adminResolution\":{\"declared\":true,\"installed\":true,\"version\":\"8.13.0\",\"resolution\":\"/home/matheusneves/ufu/software-reliability/functions/node_modules/firebase-admin/lib/index.js\"}}"}}
[debug] [2020-09-12T14:23:04.517Z] [runtime-status] [359735] Trigger "teste" has been found, beginning invocation! {"metadata":{"emulator":{"name":"functions"},"function":{"name":"teste"},"message":"[runtime-status] [359735] Trigger \"teste\" has been found, beginning invocation!"}}
[info] i  functions: Beginning execution of "teste" {"metadata":{"emulator":{"name":"functions"},"function":{"name":"teste"},"message":"Beginning execution of \"teste\""}}
[debug] [2020-09-12T14:23:04.517Z] [runtime-status] [359735] triggerDefinition {"httpsTrigger":{},"name":"teste","entryPoint":"teste"} {"metadata":{"emulator":{"name":"functions"},"function":{"name":"teste"},"message":"[runtime-status] [359735] triggerDefinition {\"httpsTrigger\":{},\"name\":\"teste\",\"entryPoint\":\"teste\"}"}}
[debug] [2020-09-12T14:23:04.518Z] [runtime-status] [359735] Running teste in mode HTTPS {"metadata":{"emulator":{"name":"functions"},"function":{"name":"teste"},"message":"[runtime-status] [359735] Running teste in mode HTTPS"}}
[debug] [2020-09-12T14:23:04.521Z] [runtime-status] [359735] Attempting to listen to socketPath: /tmp/fire_emu_359735.sock {"metadata":{"emulator":{"name":"functions"},"function":{"name":"teste"},"message":"[runtime-status] [359735] Attempting to listen to socketPath: /tmp/fire_emu_359735.sock"}}
[debug] [2020-09-12T14:23:04.524Z] [functions] Runtime ready! Sending request! {"metadata":{"emulator":{"name":"functions"},"message":"[functions] Runtime ready! Sending request!"}}
[debug] [2020-09-12T14:23:04.543Z] [runtime-status] [359735] Ephemeral server handling PUT request {"metadata":{"emulator":{"name":"functions"},"function":{"name":"teste"},"message":"[runtime-status] [359735] Ephemeral server handling PUT request"}}
[debug] [2020-09-12T14:23:04.547Z] [runtime-status] [359735] Ephemeral server survived. {"metadata":{"emulator":{"name":"functions"},"function":{"name":"teste"},"message":"[runtime-status] [359735] Ephemeral server survived."}}
[info] >  The signed url: https://storage.googleapis.com/software-reliability.appspot.com/filexxx.txt?GoogleAccessId=uploader%40software-reliability.iam.gserviceaccount.com&Expires=1599921185&Signature=BRArp%2FWkNVpfVSjQ8eqJVojJr8c8OvTHMaz%2BTKe%2BNEj8AOiMKulqlRyBPKRReeuUnW1Kc4hd6YzJr%2Bj3N%2FhKb1Lj4ydfthvJg45oA0bguO8960wsbLewLVg1FWjVajcwOa7Uq9PnvLfUvpsm0qyJuk9A1G0ckcYQIR7U1VZKyPBHX0qp5TVIgGcnrBc8AR348KILuyidEYTNQO9Z8gNcGeY01NAjSu5OYHSFZ6bMQ%2FU9ZwlKqTKKsv3mMqnCqi%2Fhrg%2FxBZCTZ8zWWVEnLJraNz8NiFDiSDn4ieTV%2BahIqrlg93bF5zhLMSbrQEhMFQA43Aq%2FtbWGZTVS8xN2moIDqQ%3D%3D {"user":"The signed url: https://storage.googleapis.com/software-reliability.appspot.com/filexxx.txt?GoogleAccessId=uploader%40software-reliability.iam.gserviceaccount.com&Expires=1599921185&Signature=BRArp%2FWkNVpfVSjQ8eqJVojJr8c8OvTHMaz%2BTKe%2BNEj8AOiMKulqlRyBPKRReeuUnW1Kc4hd6YzJr%2Bj3N%2FhKb1Lj4ydfthvJg45oA0bguO8960wsbLewLVg1FWjVajcwOa7Uq9PnvLfUvpsm0qyJuk9A1G0ckcYQIR7U1VZKyPBHX0qp5TVIgGcnrBc8AR348KILuyidEYTNQO9Z8gNcGeY01NAjSu5OYHSFZ6bMQ%2FU9ZwlKqTKKsv3mMqnCqi%2Fhrg%2FxBZCTZ8zWWVEnLJraNz8NiFDiSDn4ieTV%2BahIqrlg93bF5zhLMSbrQEhMFQA43Aq%2FtbWGZTVS8xN2moIDqQ%3D%3D","metadata":{"emulator":{"name":"functions"},"function":{"name":"teste"},"message":"\u001b[90m> \u001b[39m The signed url: https://storage.googleapis.com/software-reliability.appspot.com/filexxx.txt?GoogleAccessId=uploader%40software-reliability.iam.gserviceaccount.com&Expires=1599921185&Signature=BRArp%2FWkNVpfVSjQ8eqJVojJr8c8OvTHMaz%2BTKe%2BNEj8AOiMKulqlRyBPKRReeuUnW1Kc4hd6YzJr%2Bj3N%2FhKb1Lj4ydfthvJg45oA0bguO8960wsbLewLVg1FWjVajcwOa7Uq9PnvLfUvpsm0qyJuk9A1G0ckcYQIR7U1VZKyPBHX0qp5TVIgGcnrBc8AR348KILuyidEYTNQO9Z8gNcGeY01NAjSu5OYHSFZ6bMQ%2FU9ZwlKqTKKsv3mMqnCqi%2Fhrg%2FxBZCTZ8zWWVEnLJraNz8NiFDiSDn4ieTV%2BahIqrlg93bF5zhLMSbrQEhMFQA43Aq%2FtbWGZTVS8xN2moIDqQ%3D%3D"}}
[info] i  functions: Finished "teste" in ~1s {"metadata":{"emulator":{"name":"functions"},"function":{"name":"teste"},"message":"Finished \"teste\" in ~1s"}}
[debug] [2020-09-12T14:23:04.559Z] [worker-teste-30af4763-56e7-44d8-af93-034e8d63dad8]: IDLE {"metadata":{"emulator":{"name":"functions"},"message":"[worker-teste-30af4763-56e7-44d8-af93-034e8d63dad8]: IDLE"}}
[debug] [2020-09-12T14:23:04.560Z] [work-queue] {"queueLength":0,"workRunningCount":0}
[debug] [2020-09-12T14:35:15.919Z] File /home/matheusneves/ufu/software-reliability/functions/index.js changed, reloading triggers {"metadata":{"emulator":{"name":"functions"},"message":"File /home/matheusneves/ufu/software-reliability/functions/index.js changed, reloading triggers"}}
[debug] [2020-09-12T14:35:16.921Z] [worker-pool] Shutting down IDLE worker (~diagnostic~) {"metadata":{"emulator":{"name":"functions"},"message":"[worker-pool] Shutting down IDLE worker (~diagnostic~)"}}
[debug] [2020-09-12T14:35:16.921Z] [worker-~diagnostic~-8a632c26-0806-4c69-86c4-35b95206b74c]: FINISHING {"metadata":{"emulator":{"name":"functions"},"message":"[worker-~diagnostic~-8a632c26-0806-4c69-86c4-35b95206b74c]: FINISHING"}}
[debug] [2020-09-12T14:35:16.923Z] [worker-pool] Shutting down IDLE worker (teste) {"metadata":{"emulator":{"name":"functions"},"message":"[worker-pool] Shutting down IDLE worker (teste)"}}
[debug] [2020-09-12T14:35:16.923Z] [worker-teste-30af4763-56e7-44d8-af93-034e8d63dad8]: FINISHING {"metadata":{"emulator":{"name":"functions"},"message":"[worker-teste-30af4763-56e7-44d8-af93-034e8d63dad8]: FINISHING"}}
[debug] [2020-09-12T14:35:16.932Z] [worker-pool] addWorker(~diagnostic~) {"metadata":{"emulator":{"name":"functions"},"message":"[worker-pool] addWorker(~diagnostic~)"}}
[debug] [2020-09-12T14:35:16.933Z] [worker-pool] Adding worker with key ~diagnostic~, total=2 {"metadata":{"emulator":{"name":"functions"},"message":"[worker-pool] Adding worker with key ~diagnostic~, total=2"}}
[debug] [2020-09-12T14:35:16.934Z] [worker-pool] submitWork(triggerId=) {"metadata":{"emulator":{"name":"functions"},"message":"[worker-pool] submitWork(triggerId=)"}}
[debug] [2020-09-12T14:35:16.934Z] [worker-~diagnostic~-bd681f69-67df-4b56-8555-bdb715e46c81]: Assigning socketPath: /tmp/fire_emu_362539.sock {"metadata":{"emulator":{"name":"functions"},"message":"[worker-~diagnostic~-bd681f69-67df-4b56-8555-bdb715e46c81]: Assigning socketPath: /tmp/fire_emu_362539.sock"}}
[debug] [2020-09-12T14:35:16.934Z] [worker-~diagnostic~-bd681f69-67df-4b56-8555-bdb715e46c81]: BUSY {"metadata":{"emulator":{"name":"functions"},"message":"[worker-~diagnostic~-bd681f69-67df-4b56-8555-bdb715e46c81]: BUSY"}}
[debug] [2020-09-12T14:35:16.940Z] [worker-~diagnostic~-8a632c26-0806-4c69-86c4-35b95206b74c]: exited {"metadata":{"emulator":{"name":"functions"},"message":"[worker-~diagnostic~-8a632c26-0806-4c69-86c4-35b95206b74c]: exited"}}
[debug] [2020-09-12T14:35:16.941Z] [worker-~diagnostic~-8a632c26-0806-4c69-86c4-35b95206b74c]: FINISHED {"metadata":{"emulator":{"name":"functions"},"message":"[worker-~diagnostic~-8a632c26-0806-4c69-86c4-35b95206b74c]: FINISHED"}}
[debug] [2020-09-12T14:35:16.941Z] [worker-teste-30af4763-56e7-44d8-af93-034e8d63dad8]: exited {"metadata":{"emulator":{"name":"functions"},"message":"[worker-teste-30af4763-56e7-44d8-af93-034e8d63dad8]: exited"}}
[debug] [2020-09-12T14:35:16.941Z] [worker-teste-30af4763-56e7-44d8-af93-034e8d63dad8]: FINISHED {"metadata":{"emulator":{"name":"functions"},"message":"[worker-teste-30af4763-56e7-44d8-af93-034e8d63dad8]: FINISHED"}}
[debug] [2020-09-12T14:35:17.306Z] [runtime-status] [362539] Functions runtime initialized. {"cwd":"/home/matheusneves/ufu/software-reliability/functions","node_version":"12.18.1"} {"metadata":{"emulator":{"name":"functions"},"message":"[runtime-status] [362539] Functions runtime initialized. {\"cwd\":\"/home/matheusneves/ufu/software-reliability/functions\",\"node_version\":\"12.18.1\"}"}}
[debug] [2020-09-12T14:35:17.308Z] [runtime-status] [362539] Disabled runtime features: undefined {"metadata":{"emulator":{"name":"functions"},"message":"[runtime-status] [362539] Disabled runtime features: undefined"}}
[debug] [2020-09-12T14:35:17.309Z] [runtime-status] [362539] Resolved module firebase-admin {"declared":true,"installed":true,"version":"8.13.0","resolution":"/home/matheusneves/ufu/software-reliability/functions/node_modules/firebase-admin/lib/index.js"} {"metadata":{"emulator":{"name":"functions"},"message":"[runtime-status] [362539] Resolved module firebase-admin {\"declared\":true,\"installed\":true,\"version\":\"8.13.0\",\"resolution\":\"/home/matheusneves/ufu/software-reliability/functions/node_modules/firebase-admin/lib/index.js\"}"}}
[debug] [2020-09-12T14:35:17.310Z] [runtime-status] [362539] Resolved module firebase-functions {"declared":true,"installed":true,"version":"3.11.0","resolution":"/home/matheusneves/ufu/software-reliability/functions/node_modules/firebase-functions/lib/index.js"} {"metadata":{"emulator":{"name":"functions"},"message":"[runtime-status] [362539] Resolved module firebase-functions {\"declared\":true,\"installed\":true,\"version\":\"3.11.0\",\"resolution\":\"/home/matheusneves/ufu/software-reliability/functions/node_modules/firebase-functions/lib/index.js\"}"}}
[debug] [2020-09-12T14:35:17.311Z] [runtime-status] [362539] Resolved module firebase-functions {"declared":true,"installed":true,"version":"3.11.0","resolution":"/home/matheusneves/ufu/software-reliability/functions/node_modules/firebase-functions/lib/index.js"} {"metadata":{"emulator":{"name":"functions"},"message":"[runtime-status] [362539] Resolved module firebase-functions {\"declared\":true,\"installed\":true,\"version\":\"3.11.0\",\"resolution\":\"/home/matheusneves/ufu/software-reliability/functions/node_modules/firebase-functions/lib/index.js\"}"}}
[debug] [2020-09-12T14:35:17.313Z] [runtime-status] [362539] Outgoing network have been stubbed. [{"name":"http","status":"mocked"},{"name":"http","status":"mocked"},{"name":"https","status":"mocked"},{"name":"https","status":"mocked"},{"name":"net","status":"mocked"}] {"metadata":{"emulator":{"name":"functions"},"message":"[runtime-status] [362539] Outgoing network have been stubbed. [{\"name\":\"http\",\"status\":\"mocked\"},{\"name\":\"http\",\"status\":\"mocked\"},{\"name\":\"https\",\"status\":\"mocked\"},{\"name\":\"https\",\"status\":\"mocked\"},{\"name\":\"net\",\"status\":\"mocked\"}]"}}
[debug] [2020-09-12T14:35:17.314Z] [runtime-status] [362539] Resolved module firebase-functions {"declared":true,"installed":true,"version":"3.11.0","resolution":"/home/matheusneves/ufu/software-reliability/functions/node_modules/firebase-functions/lib/index.js"} {"metadata":{"emulator":{"name":"functions"},"message":"[runtime-status] [362539] Resolved module firebase-functions {\"declared\":true,\"installed\":true,\"version\":\"3.11.0\",\"resolution\":\"/home/matheusneves/ufu/software-reliability/functions/node_modules/firebase-functions/lib/index.js\"}"}}
[debug] [2020-09-12T14:35:17.356Z] [runtime-status] [362539] Checked functions.config() {"config":{}} {"metadata":{"emulator":{"name":"functions"},"message":"[runtime-status] [362539] Checked functions.config() {\"config\":{}}"}}
[debug] [2020-09-12T14:35:17.357Z] [runtime-status] [362539] firebase-functions has been stubbed. {"functionsResolution":{"declared":true,"installed":true,"version":"3.11.0","resolution":"/home/matheusneves/ufu/software-reliability/functions/node_modules/firebase-functions/lib/index.js"}} {"metadata":{"emulator":{"name":"functions"},"message":"[runtime-status] [362539] firebase-functions has been stubbed. {\"functionsResolution\":{\"declared\":true,\"installed\":true,\"version\":\"3.11.0\",\"resolution\":\"/home/matheusneves/ufu/software-reliability/functions/node_modules/firebase-functions/lib/index.js\"}}"}}
[debug] [2020-09-12T14:35:17.357Z] [runtime-status] [362539] Resolved module firebase-functions {"declared":true,"installed":true,"version":"3.11.0","resolution":"/home/matheusneves/ufu/software-reliability/functions/node_modules/firebase-functions/lib/index.js"} {"metadata":{"emulator":{"name":"functions"},"message":"[runtime-status] [362539] Resolved module firebase-functions {\"declared\":true,\"installed\":true,\"version\":\"3.11.0\",\"resolution\":\"/home/matheusneves/ufu/software-reliability/functions/node_modules/firebase-functions/lib/index.js\"}"}}
[debug] [2020-09-12T14:35:17.358Z] [runtime-status] [362539] Resolved module firebase-admin {"declared":true,"installed":true,"version":"8.13.0","resolution":"/home/matheusneves/ufu/software-reliability/functions/node_modules/firebase-admin/lib/index.js"} {"metadata":{"emulator":{"name":"functions"},"message":"[runtime-status] [362539] Resolved module firebase-admin {\"declared\":true,\"installed\":true,\"version\":\"8.13.0\",\"resolution\":\"/home/matheusneves/ufu/software-reliability/functions/node_modules/firebase-admin/lib/index.js\"}"}}
[debug] [2020-09-12T14:35:17.359Z] [runtime-status] [362539] Resolved module firebase-functions {"declared":true,"installed":true,"version":"3.11.0","resolution":"/home/matheusneves/ufu/software-reliability/functions/node_modules/firebase-functions/lib/index.js"} {"metadata":{"emulator":{"name":"functions"},"message":"[runtime-status] [362539] Resolved module firebase-functions {\"declared\":true,\"installed\":true,\"version\":\"3.11.0\",\"resolution\":\"/home/matheusneves/ufu/software-reliability/functions/node_modules/firebase-functions/lib/index.js\"}"}}
[debug] [2020-09-12T14:35:17.359Z] [runtime-status] [362539] firebase-admin has been stubbed. {"adminResolution":{"declared":true,"installed":true,"version":"8.13.0","resolution":"/home/matheusneves/ufu/software-reliability/functions/node_modules/firebase-admin/lib/index.js"}} {"metadata":{"emulator":{"name":"functions"},"message":"[runtime-status] [362539] firebase-admin has been stubbed. {\"adminResolution\":{\"declared\":true,\"installed\":true,\"version\":\"8.13.0\",\"resolution\":\"/home/matheusneves/ufu/software-reliability/functions/node_modules/firebase-admin/lib/index.js\"}}"}}
[debug] [2020-09-12T14:35:17.511Z] [worker-~diagnostic~-bd681f69-67df-4b56-8555-bdb715e46c81]: IDLE {"metadata":{"emulator":{"name":"functions"},"message":"[worker-~diagnostic~-bd681f69-67df-4b56-8555-bdb715e46c81]: IDLE"}}
[debug] [2020-09-12T14:35:50.726Z] [work-queue] {"queueLength":1,"workRunningCount":0}
[debug] [2020-09-12T14:35:50.726Z] [work-queue] {"queueLength":0,"workRunningCount":1}
[debug] [2020-09-12T14:35:50.726Z] Accepted request PUT /software-reliability/us-central1/teste --> teste
[debug] [2020-09-12T14:35:50.726Z] [worker-pool] Cleaned up workers for ~diagnostic~: 2 --> 1 {"metadata":{"emulator":{"name":"functions"},"message":"[worker-pool] Cleaned up workers for ~diagnostic~: 2 --> 1"}}
[debug] [2020-09-12T14:35:50.727Z] [worker-pool] Cleaned up workers for teste: 1 --> 0 {"metadata":{"emulator":{"name":"functions"},"message":"[worker-pool] Cleaned up workers for teste: 1 --> 0"}}
[debug] [2020-09-12T14:35:50.733Z] [worker-pool] addWorker(teste) {"metadata":{"emulator":{"name":"functions"},"message":"[worker-pool] addWorker(teste)"}}
[debug] [2020-09-12T14:35:50.734Z] [worker-pool] Adding worker with key teste, total=1 {"metadata":{"emulator":{"name":"functions"},"message":"[worker-pool] Adding worker with key teste, total=1"}}
[debug] [2020-09-12T14:35:50.734Z] [worker-pool] submitWork(triggerId=teste) {"metadata":{"emulator":{"name":"functions"},"message":"[worker-pool] submitWork(triggerId=teste)"}}
[debug] [2020-09-12T14:35:50.734Z] [worker-teste-4624dd18-1202-41e2-b4d4-bc37966eb5ef]: Assigning socketPath: /tmp/fire_emu_362694.sock {"metadata":{"emulator":{"name":"functions"},"message":"[worker-teste-4624dd18-1202-41e2-b4d4-bc37966eb5ef]: Assigning socketPath: /tmp/fire_emu_362694.sock"}}
[debug] [2020-09-12T14:35:50.734Z] [worker-teste-4624dd18-1202-41e2-b4d4-bc37966eb5ef]: BUSY {"metadata":{"emulator":{"name":"functions"},"message":"[worker-teste-4624dd18-1202-41e2-b4d4-bc37966eb5ef]: BUSY"}}
[debug] [2020-09-12T14:35:51.035Z] [runtime-status] [362694] Functions runtime initialized. {"cwd":"/home/matheusneves/ufu/software-reliability/functions","node_version":"12.18.1"} {"metadata":{"emulator":{"name":"functions"},"function":{"name":"teste"},"message":"[runtime-status] [362694] Functions runtime initialized. {\"cwd\":\"/home/matheusneves/ufu/software-reliability/functions\",\"node_version\":\"12.18.1\"}"}}
[debug] [2020-09-12T14:35:51.037Z] [runtime-status] [362694] Disabled runtime features: undefined {"metadata":{"emulator":{"name":"functions"},"function":{"name":"teste"},"message":"[runtime-status] [362694] Disabled runtime features: undefined"}}
[debug] [2020-09-12T14:35:51.039Z] [runtime-status] [362694] Resolved module firebase-admin {"declared":true,"installed":true,"version":"8.13.0","resolution":"/home/matheusneves/ufu/software-reliability/functions/node_modules/firebase-admin/lib/index.js"} {"metadata":{"emulator":{"name":"functions"},"function":{"name":"teste"},"message":"[runtime-status] [362694] Resolved module firebase-admin {\"declared\":true,\"installed\":true,\"version\":\"8.13.0\",\"resolution\":\"/home/matheusneves/ufu/software-reliability/functions/node_modules/firebase-admin/lib/index.js\"}"}}
[debug] [2020-09-12T14:35:51.040Z] [runtime-status] [362694] Resolved module firebase-functions {"declared":true,"installed":true,"version":"3.11.0","resolution":"/home/matheusneves/ufu/software-reliability/functions/node_modules/firebase-functions/lib/index.js"} {"metadata":{"emulator":{"name":"functions"},"function":{"name":"teste"},"message":"[runtime-status] [362694] Resolved module firebase-functions {\"declared\":true,\"installed\":true,\"version\":\"3.11.0\",\"resolution\":\"/home/matheusneves/ufu/software-reliability/functions/node_modules/firebase-functions/lib/index.js\"}"}}
[debug] [2020-09-12T14:35:51.040Z] [runtime-status] [362694] Resolved module firebase-functions {"declared":true,"installed":true,"version":"3.11.0","resolution":"/home/matheusneves/ufu/software-reliability/functions/node_modules/firebase-functions/lib/index.js"} {"metadata":{"emulator":{"name":"functions"},"function":{"name":"teste"},"message":"[runtime-status] [362694] Resolved module firebase-functions {\"declared\":true,\"installed\":true,\"version\":\"3.11.0\",\"resolution\":\"/home/matheusneves/ufu/software-reliability/functions/node_modules/firebase-functions/lib/index.js\"}"}}
[debug] [2020-09-12T14:35:51.042Z] [runtime-status] [362694] Outgoing network have been stubbed. [{"name":"http","status":"mocked"},{"name":"http","status":"mocked"},{"name":"https","status":"mocked"},{"name":"https","status":"mocked"},{"name":"net","status":"mocked"}] {"metadata":{"emulator":{"name":"functions"},"function":{"name":"teste"},"message":"[runtime-status] [362694] Outgoing network have been stubbed. [{\"name\":\"http\",\"status\":\"mocked\"},{\"name\":\"http\",\"status\":\"mocked\"},{\"name\":\"https\",\"status\":\"mocked\"},{\"name\":\"https\",\"status\":\"mocked\"},{\"name\":\"net\",\"status\":\"mocked\"}]"}}
[debug] [2020-09-12T14:35:51.043Z] [runtime-status] [362694] Resolved module firebase-functions {"declared":true,"installed":true,"version":"3.11.0","resolution":"/home/matheusneves/ufu/software-reliability/functions/node_modules/firebase-functions/lib/index.js"} {"metadata":{"emulator":{"name":"functions"},"function":{"name":"teste"},"message":"[runtime-status] [362694] Resolved module firebase-functions {\"declared\":true,\"installed\":true,\"version\":\"3.11.0\",\"resolution\":\"/home/matheusneves/ufu/software-reliability/functions/node_modules/firebase-functions/lib/index.js\"}"}}
[debug] [2020-09-12T14:35:51.072Z] [runtime-status] [362694] Checked functions.config() {"config":{}} {"metadata":{"emulator":{"name":"functions"},"function":{"name":"teste"},"message":"[runtime-status] [362694] Checked functions.config() {\"config\":{}}"}}
[debug] [2020-09-12T14:35:51.073Z] [runtime-status] [362694] firebase-functions has been stubbed. {"functionsResolution":{"declared":true,"installed":true,"version":"3.11.0","resolution":"/home/matheusneves/ufu/software-reliability/functions/node_modules/firebase-functions/lib/index.js"}} {"metadata":{"emulator":{"name":"functions"},"function":{"name":"teste"},"message":"[runtime-status] [362694] firebase-functions has been stubbed. {\"functionsResolution\":{\"declared\":true,\"installed\":true,\"version\":\"3.11.0\",\"resolution\":\"/home/matheusneves/ufu/software-reliability/functions/node_modules/firebase-functions/lib/index.js\"}}"}}
[debug] [2020-09-12T14:35:51.073Z] [runtime-status] [362694] Resolved module firebase-functions {"declared":true,"installed":true,"version":"3.11.0","resolution":"/home/matheusneves/ufu/software-reliability/functions/node_modules/firebase-functions/lib/index.js"} {"metadata":{"emulator":{"name":"functions"},"function":{"name":"teste"},"message":"[runtime-status] [362694] Resolved module firebase-functions {\"declared\":true,\"installed\":true,\"version\":\"3.11.0\",\"resolution\":\"/home/matheusneves/ufu/software-reliability/functions/node_modules/firebase-functions/lib/index.js\"}"}}
[debug] [2020-09-12T14:35:51.074Z] [runtime-status] [362694] Resolved module firebase-admin {"declared":true,"installed":true,"version":"8.13.0","resolution":"/home/matheusneves/ufu/software-reliability/functions/node_modules/firebase-admin/lib/index.js"} {"metadata":{"emulator":{"name":"functions"},"function":{"name":"teste"},"message":"[runtime-status] [362694] Resolved module firebase-admin {\"declared\":true,\"installed\":true,\"version\":\"8.13.0\",\"resolution\":\"/home/matheusneves/ufu/software-reliability/functions/node_modules/firebase-admin/lib/index.js\"}"}}
[debug] [2020-09-12T14:35:51.075Z] [runtime-status] [362694] Resolved module firebase-functions {"declared":true,"installed":true,"version":"3.11.0","resolution":"/home/matheusneves/ufu/software-reliability/functions/node_modules/firebase-functions/lib/index.js"} {"metadata":{"emulator":{"name":"functions"},"function":{"name":"teste"},"message":"[runtime-status] [362694] Resolved module firebase-functions {\"declared\":true,\"installed\":true,\"version\":\"3.11.0\",\"resolution\":\"/home/matheusneves/ufu/software-reliability/functions/node_modules/firebase-functions/lib/index.js\"}"}}
[debug] [2020-09-12T14:35:51.076Z] [runtime-status] [362694] firebase-admin has been stubbed. {"adminResolution":{"declared":true,"installed":true,"version":"8.13.0","resolution":"/home/matheusneves/ufu/software-reliability/functions/node_modules/firebase-admin/lib/index.js"}} {"metadata":{"emulator":{"name":"functions"},"function":{"name":"teste"},"message":"[runtime-status] [362694] firebase-admin has been stubbed. {\"adminResolution\":{\"declared\":true,\"installed\":true,\"version\":\"8.13.0\",\"resolution\":\"/home/matheusneves/ufu/software-reliability/functions/node_modules/firebase-admin/lib/index.js\"}}"}}
[debug] [2020-09-12T14:35:51.186Z] [runtime-status] [362694] Trigger "teste" has been found, beginning invocation! {"metadata":{"emulator":{"name":"functions"},"function":{"name":"teste"},"message":"[runtime-status] [362694] Trigger \"teste\" has been found, beginning invocation!"}}
[info] i  functions: Beginning execution of "teste" {"metadata":{"emulator":{"name":"functions"},"function":{"name":"teste"},"message":"Beginning execution of \"teste\""}}
[debug] [2020-09-12T14:35:51.187Z] [runtime-status] [362694] triggerDefinition {"httpsTrigger":{},"name":"teste","entryPoint":"teste"} {"metadata":{"emulator":{"name":"functions"},"function":{"name":"teste"},"message":"[runtime-status] [362694] triggerDefinition {\"httpsTrigger\":{},\"name\":\"teste\",\"entryPoint\":\"teste\"}"}}
[debug] [2020-09-12T14:35:51.187Z] [runtime-status] [362694] Running teste in mode HTTPS {"metadata":{"emulator":{"name":"functions"},"function":{"name":"teste"},"message":"[runtime-status] [362694] Running teste in mode HTTPS"}}
[debug] [2020-09-12T14:35:51.192Z] [runtime-status] [362694] Attempting to listen to socketPath: /tmp/fire_emu_362694.sock {"metadata":{"emulator":{"name":"functions"},"function":{"name":"teste"},"message":"[runtime-status] [362694] Attempting to listen to socketPath: /tmp/fire_emu_362694.sock"}}
[debug] [2020-09-12T14:35:51.194Z] [functions] Runtime ready! Sending request! {"metadata":{"emulator":{"name":"functions"},"message":"[functions] Runtime ready! Sending request!"}}
[debug] [2020-09-12T14:35:51.212Z] [runtime-status] [362694] Ephemeral server handling PUT request {"metadata":{"emulator":{"name":"functions"},"function":{"name":"teste"},"message":"[runtime-status] [362694] Ephemeral server handling PUT request"}}
[debug] [2020-09-12T14:35:51.216Z] [runtime-status] [362694] Ephemeral server survived. {"metadata":{"emulator":{"name":"functions"},"function":{"name":"teste"},"message":"[runtime-status] [362694] Ephemeral server survived."}}
[info] >  The signed url: https://storage.googleapis.com/software-reliability.appspot.com/filexxx.txt?GoogleAccessId=uploader%40software-reliability.iam.gserviceaccount.com&Expires=1599921951&Signature=hIKB9tzbzw6uYfML%2F4glodHzUFeXawRCMbKceaiXQ%2BoY6mjfDiITFSKS%2BK6YGDLw2nmwau2RkjvViXht6pttYQGWQJFbbbivjRNjJ2EKG7xfdMV3fOSqRXPqjKlU%2Ffg9TTGeI3i29lOvhOMfoBvXal88WGd3BtXnq2PQrAUu2P2ebjCdzmufCeDvuXYHU%2FwPfRvJ5Gs9XXHX1c34z3cyYn%2FKJmayMupJv2u9gJ%2FkRurCPwYV6wo82Ik7RaQYZK4lBu5Y3v3RBFPqogpeoYyhuI1xp2BnIwren991WSX1sX5UsnyBMuoM1ms82pWQWTUkI5v18DNK9pjJGOL9TIpZJQ%3D%3D {"user":"The signed url: https://storage.googleapis.com/software-reliability.appspot.com/filexxx.txt?GoogleAccessId=uploader%40software-reliability.iam.gserviceaccount.com&Expires=1599921951&Signature=hIKB9tzbzw6uYfML%2F4glodHzUFeXawRCMbKceaiXQ%2BoY6mjfDiITFSKS%2BK6YGDLw2nmwau2RkjvViXht6pttYQGWQJFbbbivjRNjJ2EKG7xfdMV3fOSqRXPqjKlU%2Ffg9TTGeI3i29lOvhOMfoBvXal88WGd3BtXnq2PQrAUu2P2ebjCdzmufCeDvuXYHU%2FwPfRvJ5Gs9XXHX1c34z3cyYn%2FKJmayMupJv2u9gJ%2FkRurCPwYV6wo82Ik7RaQYZK4lBu5Y3v3RBFPqogpeoYyhuI1xp2BnIwren991WSX1sX5UsnyBMuoM1ms82pWQWTUkI5v18DNK9pjJGOL9TIpZJQ%3D%3D","metadata":{"emulator":{"name":"functions"},"function":{"name":"teste"},"message":"\u001b[90m> \u001b[39m The signed url: https://storage.googleapis.com/software-reliability.appspot.com/filexxx.txt?GoogleAccessId=uploader%40software-reliability.iam.gserviceaccount.com&Expires=1599921951&Signature=hIKB9tzbzw6uYfML%2F4glodHzUFeXawRCMbKceaiXQ%2BoY6mjfDiITFSKS%2BK6YGDLw2nmwau2RkjvViXht6pttYQGWQJFbbbivjRNjJ2EKG7xfdMV3fOSqRXPqjKlU%2Ffg9TTGeI3i29lOvhOMfoBvXal88WGd3BtXnq2PQrAUu2P2ebjCdzmufCeDvuXYHU%2FwPfRvJ5Gs9XXHX1c34z3cyYn%2FKJmayMupJv2u9gJ%2FkRurCPwYV6wo82Ik7RaQYZK4lBu5Y3v3RBFPqogpeoYyhuI1xp2BnIwren991WSX1sX5UsnyBMuoM1ms82pWQWTUkI5v18DNK9pjJGOL9TIpZJQ%3D%3D"}}
[info] i  functions: Finished "teste" in ~1s {"metadata":{"emulator":{"name":"functions"},"function":{"name":"teste"},"message":"Finished \"teste\" in ~1s"}}
[debug] [2020-09-12T14:35:51.226Z] [worker-teste-4624dd18-1202-41e2-b4d4-bc37966eb5ef]: IDLE {"metadata":{"emulator":{"name":"functions"},"message":"[worker-teste-4624dd18-1202-41e2-b4d4-bc37966eb5ef]: IDLE"}}
[debug] [2020-09-12T14:35:51.227Z] [work-queue] {"queueLength":0,"workRunningCount":0}
